<!DOCTYPE html PUBLIC "-//W3C//DTD XHTML 1.1//EN" "http://www.w3.org/TR/xhtml11/DTD/xhtml11.dtd">
<html xmlns="http://www.w3.org/1999/xhtml">
<head>
<meta http-equiv="content-type" content="text/html; charset=UTF-8"/>
<title>TestNG Report</title>
<style type="text/css">table {margin-bottom:10px;border-collapse:collapse;empty-cells:show}th,td {border:1px solid #009;padding:.25em .5em}th {vertical-align:bottom}td {vertical-align:top}table a {font-weight:bold}.stripe td {background-color: #E6EBF9}.num {text-align:right}.passedodd td {background-color: #3F3}.passedeven td {background-color: #0A0}.skippedodd td {background-color: #DDD}.skippedeven td {background-color: #CCC}.failedodd td,.attn {background-color: #F33}.failedeven td,.stripe .attn {background-color: #D00}.stacktrace {white-space:pre;font-family:monospace}.totop {font-size:85%;text-align:center;border-bottom:2px solid #000}.invisible {display:none}</style>
</head>
<body>
<table>
<tr><th>Test</th><th># Passed</th><th># Skipped</th><th># Failed</th><th>Time (ms)</th><th>Included Groups</th><th>Excluded Groups</th></tr>
<tr><th colspan="7">Suite usa black caviar</th></tr>
<tr><td><a href="#t0">TestLogin</a></td><td class="num">1</td><td class="num attn">3</td><td class="num attn">1</td><td class="num">21,140</td><td></td><td></td></tr>
</table>
<table id='summary'><thead><tr><th>Class</th><th>Method</th><th>Start</th><th>Time (ms)</th></tr></thead><tbody><tr><th colspan="4">Suite usa black caviar</th></tr></tbody><tbody id="t0"><tr><th colspan="4">TestLogin &#8212; failed</th></tr><tr class="failedeven"><td rowspan="1">accountManagement.TestLoginFunctionality</td><td><a href="#m0">LoginToStore</a></td><td rowspan="1">1569512626038</td><td rowspan="1">2503</td></tr><tr><th colspan="4">TestLogin &#8212; skipped</th></tr><tr class="skippedeven"><td rowspan="3">accountManagement.TestLoginFunctionality</td><td><a href="#m1">LoginToStore</a></td><td rowspan="3">1569512621538</td><td rowspan="3">2182</td></tr><tr class="skippedeven"><td><a href="#m2">LoginToStore</a></td></tr><tr class="skippedeven"><td><a href="#m3">LoginToStore</a></td></tr><tr><th colspan="4">TestLogin &#8212; passed</th></tr><tr class="passedeven"><td rowspan="1">accountManagement.TestLoginFunctionality</td><td><a href="#m4">LoginToStore</a></td><td rowspan="1">1569512615165</td><td rowspan="1">4234</td></tr></tbody>
</table>
<h2>TestLogin</h2><h3 id="m0">accountManagement.TestLoginFunctionality#LoginToStore</h3><table class="result"><tr class="param"><th>Parameter #1</th><th>Parameter #2</th><th>Parameter #3</th><th>Parameter #4</th></tr><tr class="param stripe"><td>TC_002</td><td>test@test.com</td><td>test</td><td>Y</td></tr><tr><th colspan="4">Messages</th></tr><tr><td colspan="4"><div class="messages"><a href='C:\Users\vk\git\opencart_pom\opencart\test-output\pom_framework_output\screenshots\failed_tests\LoginToStore_26_09_2019_11_43_48.png'> <img src='C:\Users\vk\git\opencart_pom\opencart\test-output\pom_framework_output\screenshots\failed_tests\LoginToStore_26_09_2019_11_43_48.png' height='100' width='100'/> </a><br/>Test Method resides in accountManagement.TestLoginFunctionality<br/>Test Method had the following parameters : <br/>Test Method had the following parameters : [Ljava.lang.Object;@66434cc8<br/>Test Status: Failed</div></td></tr><tr><th colspan="4">Exception</th></tr><tr><td colspan="4"><div class="stacktrace">org.junit.ComparisonFailure: expected:&lt;[Account Login]&gt; but was:&lt;[My Account]&gt;
	at org.junit.Assert.assertEquals(Assert.java:125)
	at org.junit.Assert.assertEquals(Assert.java:147)
	at accountManagement.TestLoginFunctionality.LoginToStore(TestLoginFunctionality.java:37)
... Removed 29 stack frames</div></td></tr></table><p class="totop"><a href="#summary">back to summary</a></p>
<h3 id="m1">accountManagement.TestLoginFunctionality#LoginToStore</h3><table class="result"><tr class="param"><th>Parameter #1</th><th>Parameter #2</th><th>Parameter #3</th><th>Parameter #4</th></tr><tr class="param stripe"><td>TC_002</td><td>test@test.com</td><td>test</td><td>Y</td></tr><tr><th colspan="4">Messages</th></tr><tr><td colspan="4"><div class="messages">Retrying test LoginToStore with status FAILURE for the 2 time(s).<br/>Test is skipped:LoginToStore</div></td></tr><tr><th colspan="4">Exception</th></tr><tr><td colspan="4"><div class="stacktrace">org.junit.ComparisonFailure: expected:&lt;[Account Login]&gt; but was:&lt;[My Account]&gt;
	at org.junit.Assert.assertEquals(Assert.java:125)
	at org.junit.Assert.assertEquals(Assert.java:147)
	at accountManagement.TestLoginFunctionality.LoginToStore(TestLoginFunctionality.java:37)
... Removed 29 stack frames</div></td></tr></table><p class="totop"><a href="#summary">back to summary</a></p>
<h3 id="m2">accountManagement.TestLoginFunctionality#LoginToStore</h3><table class="result"><tr class="param"><th>Parameter #1</th><th>Parameter #2</th><th>Parameter #3</th><th>Parameter #4</th></tr><tr class="param stripe"><td>TC_002</td><td>test@test.com</td><td>test</td><td>Y</td></tr><tr><th colspan="4">Messages</th></tr><tr><td colspan="4"><div class="messages">Retrying test LoginToStore with status FAILURE for the 1 time(s).<br/>Test is skipped:LoginToStore</div></td></tr><tr><th colspan="4">Exception</th></tr><tr><td colspan="4"><div class="stacktrace">org.junit.ComparisonFailure: expected:&lt;[Account Login]&gt; but was:&lt;[My Account]&gt;
	at org.junit.Assert.assertEquals(Assert.java:125)
	at org.junit.Assert.assertEquals(Assert.java:147)
	at accountManagement.TestLoginFunctionality.LoginToStore(TestLoginFunctionality.java:37)
... Removed 29 stack frames</div></td></tr></table><p class="totop"><a href="#summary">back to summary</a></p>
<h3 id="m3">accountManagement.TestLoginFunctionality#LoginToStore</h3><table class="result"><tr class="param"><th>Parameter #1</th><th>Parameter #2</th><th>Parameter #3</th><th>Parameter #4</th></tr><tr class="param stripe"><td>TC_002</td><td>test@test.com</td><td>test</td><td>Y</td></tr><tr><th colspan="4">Messages</th></tr><tr><td colspan="4"><div class="messages">Retrying test LoginToStore with status FAILURE for the 3 time(s).<br/>Test is skipped:LoginToStore</div></td></tr><tr><th colspan="4">Exception</th></tr><tr><td colspan="4"><div class="stacktrace">org.junit.ComparisonFailure: expected:&lt;[Account Login]&gt; but was:&lt;[My Account]&gt;
	at org.junit.Assert.assertEquals(Assert.java:125)
	at org.junit.Assert.assertEquals(Assert.java:147)
	at accountManagement.TestLoginFunctionality.LoginToStore(TestLoginFunctionality.java:37)
... Removed 29 stack frames</div></td></tr></table><p class="totop"><a href="#summary">back to summary</a></p>
<h3 id="m4">accountManagement.TestLoginFunctionality#LoginToStore</h3><table class="result"><tr class="param"><th>Parameter #1</th><th>Parameter #2</th><th>Parameter #3</th><th>Parameter #4</th></tr><tr class="param stripe"><td>TC_001</td><td>kvalera29@gmail.com</td><td>test</td><td>Y</td></tr><tr><th colspan="4">Messages</th></tr><tr><td colspan="4"><div class="messages">Test Method resides in accountManagement.TestLoginFunctionality<br/>Test Method had the following parameters : <br/>Test Method had the following parameters : [Ljava.lang.Object;@6c345c5f<br/>Test Status: Pass</div></td></tr></table><p class="totop"><a href="#summary">back to summary</a></p>
</body>
</html>
