<?xml version="1.0" encoding="UTF-8"?>
<!-- Generated by org.testng.reporters.JUnitXMLReporter -->
<testsuite hostname="DESKTOP-GOJ5L9I" ignored="0" name="TestLogin" tests="5" failures="2" timestamp="25 Sep 2019 19:22:14 GMT" time="25.174" errors="0">
  <testcase name="@AfterClass afterClass" time="2.973" classname="com.opencart.automation.testBase.TestBase">
    <failure type="java.lang.AssertionError" message="null">
      <![CDATA[java.lang.AssertionError: null
at com.opencart.automation.customListeners.WebEventListener.onException(WebEventListener.java:69)
at org.openqa.selenium.support.events.EventFiringWebDriver.lambda$new$0(EventFiringWebDriver.java:84)
at com.sun.proxy.$Proxy11.onException(Unknown Source)
at org.openqa.selenium.support.events.EventFiringWebDriver.lambda$new$1(EventFiringWebDriver.java:107)
at com.sun.proxy.$Proxy12.close(Unknown Source)
at org.openqa.selenium.support.events.EventFiringWebDriver.close(EventFiringWebDriver.java:206)
at com.opencart.automation.testBase.TestBase.closeBrowser(TestBase.java:508)
at com.opencart.automation.testBase.TestBase.afterClass(TestBase.java:443)
... Removed 36 stack frames]]>
    </failure>
  </testcase> <!-- @AfterClass afterClass -->
  <testcase name="LoginToStore" time="11.686" classname="accountManagement.TestLoginFunctionality">
    <skipped/>
  </testcase> <!-- LoginToStore -->
  <testcase name="LoginToStore" time="0.098" classname="accountManagement.TestLoginFunctionality">
    <skipped/>
  </testcase> <!-- LoginToStore -->
  <testcase name="LoginToStore" time="0.019" classname="accountManagement.TestLoginFunctionality">
    <skipped/>
  </testcase> <!-- LoginToStore -->
  <testcase name="LoginToStore" time="0.013" classname="accountManagement.TestLoginFunctionality">
    <failure type="java.lang.AssertionError" message="null">
      <![CDATA[java.lang.AssertionError: null
at com.opencart.automation.customListeners.WebEventListener.onException(WebEventListener.java:69)
at org.openqa.selenium.support.events.EventFiringWebDriver.lambda$new$0(EventFiringWebDriver.java:84)
at com.sun.proxy.$Proxy11.onException(Unknown Source)
at org.openqa.selenium.support.events.EventFiringWebDriver.lambda$new$1(EventFiringWebDriver.java:107)
at com.sun.proxy.$Proxy12.get(Unknown Source)
at org.openqa.selenium.support.events.EventFiringWebDriver.get(EventFiringWebDriver.java:165)
at com.opencart.automation.testBase.TestBase.navigateToBaseUrl(TestBase.java:342)
at accountManagement.TestLoginFunctionality.LoginToStore(TestLoginFunctionality.java:27)
... Removed 35 stack frames]]>
    </failure>
  </testcase> <!-- LoginToStore -->
  <testcase name="LoginToStore" time="13.018" classname="accountManagement.TestLoginFunctionality">
    <failure type="java.lang.AssertionError" message="null">
      <![CDATA[java.lang.AssertionError: null
at com.opencart.automation.customListeners.WebEventListener.onException(WebEventListener.java:69)
at org.openqa.selenium.support.events.EventFiringWebDriver.lambda$new$0(EventFiringWebDriver.java:84)
at com.sun.proxy.$Proxy11.onException(Unknown Source)
at org.openqa.selenium.support.events.EventFiringWebDriver.lambda$new$1(EventFiringWebDriver.java:107)
at com.sun.proxy.$Proxy12.getScreenshotAs(Unknown Source)
at org.openqa.selenium.support.events.EventFiringWebDriver.getScreenshotAs(EventFiringWebDriver.java:302)
at com.opencart.automation.testBase.TestBase.getScreenShot(TestBase.java:351)
at com.opencart.automation.customListeners.Listener.onTestFailure(Listener.java:38)
... Removed 32 stack frames]]>
    </failure>
  </testcase> <!-- LoginToStore -->
</testsuite> <!-- TestLogin -->
